[2020-03-12 01:32:19,007] {taskinstance.py:655} INFO - Dependencies all met for <TaskInstance: tutorial.templated 2015-06-03T00:00:00+00:00 [queued]>
[2020-03-12 01:32:19,019] {taskinstance.py:655} INFO - Dependencies all met for <TaskInstance: tutorial.templated 2015-06-03T00:00:00+00:00 [queued]>
[2020-03-12 01:32:19,019] {taskinstance.py:866} INFO - 
--------------------------------------------------------------------------------
[2020-03-12 01:32:19,019] {taskinstance.py:867} INFO - Starting attempt 1 of 2
[2020-03-12 01:32:19,019] {taskinstance.py:868} INFO - 
--------------------------------------------------------------------------------
[2020-03-12 01:32:19,025] {taskinstance.py:887} INFO - Executing <Task(BashOperator): templated> on 2015-06-03T00:00:00+00:00
[2020-03-12 01:32:19,027] {standard_task_runner.py:53} INFO - Started process 12715 to run task
[2020-03-12 01:32:19,080] {logging_mixin.py:112} INFO - Running %s on host %s <TaskInstance: tutorial.templated 2015-06-03T00:00:00+00:00 [running]> Koyas-Air
[2020-03-12 01:32:19,104] {bash_operator.py:82} INFO - Tmp dir root location: 
 /var/folders/w1/yz27wqj17cn6jplmgfg49p_40000gn/T
[2020-03-12 01:32:19,105] {bash_operator.py:105} INFO - Temporary script location: /var/folders/w1/yz27wqj17cn6jplmgfg49p_40000gn/T/airflowtmp97y5pfn_/templatedw3_g5j2q
[2020-03-12 01:32:19,105] {bash_operator.py:115} INFO - Running command: 

    echo "2015-06-03"
    echo "2015-06-10"
    echo "Parameter I passed in"

    echo "2015-06-03"
    echo "2015-06-10"
    echo "Parameter I passed in"

    echo "2015-06-03"
    echo "2015-06-10"
    echo "Parameter I passed in"

    echo "2015-06-03"
    echo "2015-06-10"
    echo "Parameter I passed in"

    echo "2015-06-03"
    echo "2015-06-10"
    echo "Parameter I passed in"

[2020-03-12 01:32:19,111] {bash_operator.py:122} INFO - Output:
[2020-03-12 01:32:19,115] {bash_operator.py:126} INFO - 2015-06-03
[2020-03-12 01:32:19,115] {bash_operator.py:126} INFO - 2015-06-10
[2020-03-12 01:32:19,115] {bash_operator.py:126} INFO - Parameter I passed in
[2020-03-12 01:32:19,115] {bash_operator.py:126} INFO - 2015-06-03
[2020-03-12 01:32:19,116] {bash_operator.py:126} INFO - 2015-06-10
[2020-03-12 01:32:19,116] {bash_operator.py:126} INFO - Parameter I passed in
[2020-03-12 01:32:19,116] {bash_operator.py:126} INFO - 2015-06-03
[2020-03-12 01:32:19,116] {bash_operator.py:126} INFO - 2015-06-10
[2020-03-12 01:32:19,116] {bash_operator.py:126} INFO - Parameter I passed in
[2020-03-12 01:32:19,116] {bash_operator.py:126} INFO - 2015-06-03
[2020-03-12 01:32:19,117] {bash_operator.py:126} INFO - 2015-06-10
[2020-03-12 01:32:19,117] {bash_operator.py:126} INFO - Parameter I passed in
[2020-03-12 01:32:19,117] {bash_operator.py:126} INFO - 2015-06-03
[2020-03-12 01:32:19,117] {bash_operator.py:126} INFO - 2015-06-10
[2020-03-12 01:32:19,117] {bash_operator.py:126} INFO - Parameter I passed in
[2020-03-12 01:32:19,118] {bash_operator.py:130} INFO - Command exited with return code 0
[2020-03-12 01:32:19,125] {taskinstance.py:1048} INFO - Marking task as SUCCESS.dag_id=tutorial, task_id=templated, execution_date=20150603T000000, start_date=20200311T163219, end_date=20200311T163219
[2020-03-12 01:32:28,998] {logging_mixin.py:112} INFO - [2020-03-12 01:32:28,997] {local_task_job.py:103} INFO - Task exited with return code 0
