[2020-03-12 01:32:07,435] {taskinstance.py:655} INFO - Dependencies all met for <TaskInstance: tutorial.templated 2015-06-02T00:00:00+00:00 [queued]>
[2020-03-12 01:32:07,446] {taskinstance.py:655} INFO - Dependencies all met for <TaskInstance: tutorial.templated 2015-06-02T00:00:00+00:00 [queued]>
[2020-03-12 01:32:07,447] {taskinstance.py:866} INFO - 
--------------------------------------------------------------------------------
[2020-03-12 01:32:07,447] {taskinstance.py:867} INFO - Starting attempt 1 of 2
[2020-03-12 01:32:07,447] {taskinstance.py:868} INFO - 
--------------------------------------------------------------------------------
[2020-03-12 01:32:07,453] {taskinstance.py:887} INFO - Executing <Task(BashOperator): templated> on 2015-06-02T00:00:00+00:00
[2020-03-12 01:32:07,456] {standard_task_runner.py:53} INFO - Started process 12703 to run task
[2020-03-12 01:32:07,509] {logging_mixin.py:112} INFO - Running %s on host %s <TaskInstance: tutorial.templated 2015-06-02T00:00:00+00:00 [running]> Koyas-Air
[2020-03-12 01:32:07,531] {bash_operator.py:82} INFO - Tmp dir root location: 
 /var/folders/w1/yz27wqj17cn6jplmgfg49p_40000gn/T
[2020-03-12 01:32:07,532] {bash_operator.py:105} INFO - Temporary script location: /var/folders/w1/yz27wqj17cn6jplmgfg49p_40000gn/T/airflowtmpc9n0udik/templatedxdbkuxbg
[2020-03-12 01:32:07,532] {bash_operator.py:115} INFO - Running command: 

    echo "2015-06-02"
    echo "2015-06-09"
    echo "Parameter I passed in"

    echo "2015-06-02"
    echo "2015-06-09"
    echo "Parameter I passed in"

    echo "2015-06-02"
    echo "2015-06-09"
    echo "Parameter I passed in"

    echo "2015-06-02"
    echo "2015-06-09"
    echo "Parameter I passed in"

    echo "2015-06-02"
    echo "2015-06-09"
    echo "Parameter I passed in"

[2020-03-12 01:32:07,538] {bash_operator.py:122} INFO - Output:
[2020-03-12 01:32:07,541] {bash_operator.py:126} INFO - 2015-06-02
[2020-03-12 01:32:07,542] {bash_operator.py:126} INFO - 2015-06-09
[2020-03-12 01:32:07,542] {bash_operator.py:126} INFO - Parameter I passed in
[2020-03-12 01:32:07,542] {bash_operator.py:126} INFO - 2015-06-02
[2020-03-12 01:32:07,542] {bash_operator.py:126} INFO - 2015-06-09
[2020-03-12 01:32:07,543] {bash_operator.py:126} INFO - Parameter I passed in
[2020-03-12 01:32:07,543] {bash_operator.py:126} INFO - 2015-06-02
[2020-03-12 01:32:07,543] {bash_operator.py:126} INFO - 2015-06-09
[2020-03-12 01:32:07,543] {bash_operator.py:126} INFO - Parameter I passed in
[2020-03-12 01:32:07,543] {bash_operator.py:126} INFO - 2015-06-02
[2020-03-12 01:32:07,543] {bash_operator.py:126} INFO - 2015-06-09
[2020-03-12 01:32:07,544] {bash_operator.py:126} INFO - Parameter I passed in
[2020-03-12 01:32:07,544] {bash_operator.py:126} INFO - 2015-06-02
[2020-03-12 01:32:07,544] {bash_operator.py:126} INFO - 2015-06-09
[2020-03-12 01:32:07,544] {bash_operator.py:126} INFO - Parameter I passed in
[2020-03-12 01:32:07,544] {bash_operator.py:130} INFO - Command exited with return code 0
[2020-03-12 01:32:07,551] {taskinstance.py:1048} INFO - Marking task as SUCCESS.dag_id=tutorial, task_id=templated, execution_date=20150602T000000, start_date=20200311T163207, end_date=20200311T163207
[2020-03-12 01:32:17,434] {logging_mixin.py:112} INFO - [2020-03-12 01:32:17,432] {local_task_job.py:103} INFO - Task exited with return code 0
