[2020-03-11 02:36:11,363] {logging_mixin.py:112} INFO - Sending to executor.
[2020-03-11 02:36:11,364] {logging_mixin.py:112} INFO - [2020-03-11 02:36:11,364] {base_executor.py:58} INFO - Adding to queue: ['airflow', 'run', 'example_bash_operator', 'runme_0', '2015-01-01T00:00:00+00:00', '--local', '--pool', 'default_pool', '-sd', '/Users/koyaharayama/opt/anaconda3/lib/python3.7/site-packages/airflow/example_dags/example_bash_operator.py']
[2020-03-11 02:36:11,364] {logging_mixin.py:112} INFO - [2020-03-11 02:36:11,364] {sequential_executor.py:45} INFO - Executing command: ['airflow', 'run', 'example_bash_operator', 'runme_0', '2015-01-01T00:00:00+00:00', '--local', '--pool', 'default_pool', '-sd', '/Users/koyaharayama/opt/anaconda3/lib/python3.7/site-packages/airflow/example_dags/example_bash_operator.py']
[2020-03-11 02:36:12,678] {taskinstance.py:655} INFO - Dependencies all met for <TaskInstance: example_bash_operator.runme_0 2015-01-01T00:00:00+00:00 [None]>
[2020-03-11 02:36:12,688] {taskinstance.py:655} INFO - Dependencies all met for <TaskInstance: example_bash_operator.runme_0 2015-01-01T00:00:00+00:00 [None]>
[2020-03-11 02:36:12,688] {taskinstance.py:866} INFO - 
--------------------------------------------------------------------------------
[2020-03-11 02:36:12,688] {taskinstance.py:867} INFO - Starting attempt 1 of 1
[2020-03-11 02:36:12,688] {taskinstance.py:868} INFO - 
--------------------------------------------------------------------------------
[2020-03-11 02:36:12,696] {taskinstance.py:887} INFO - Executing <Task(BashOperator): runme_0> on 2015-01-01T00:00:00+00:00
[2020-03-11 02:36:12,698] {standard_task_runner.py:53} INFO - Started process 9939 to run task
[2020-03-11 02:36:12,751] {logging_mixin.py:112} INFO - Running %s on host %s <TaskInstance: example_bash_operator.runme_0 2015-01-01T00:00:00+00:00 [running]> Koyas-Air
[2020-03-11 02:36:12,767] {bash_operator.py:82} INFO - Tmp dir root location: 
 /var/folders/w1/yz27wqj17cn6jplmgfg49p_40000gn/T
[2020-03-11 02:36:12,769] {bash_operator.py:105} INFO - Temporary script location: /var/folders/w1/yz27wqj17cn6jplmgfg49p_40000gn/T/airflowtmpxtwbmmy7/runme_059555vir
[2020-03-11 02:36:12,769] {bash_operator.py:115} INFO - Running command: echo "example_bash_operator__runme_0__20150101" && sleep 1
[2020-03-11 02:36:12,779] {bash_operator.py:122} INFO - Output:
[2020-03-11 02:36:12,782] {bash_operator.py:126} INFO - example_bash_operator__runme_0__20150101
[2020-03-11 02:36:13,792] {bash_operator.py:130} INFO - Command exited with return code 0
[2020-03-11 02:36:13,804] {taskinstance.py:1048} INFO - Marking task as SUCCESS.dag_id=example_bash_operator, task_id=runme_0, execution_date=20150101T000000, start_date=20200310T173612, end_date=20200310T173613
[2020-03-11 02:36:22,674] {logging_mixin.py:112} INFO - [2020-03-11 02:36:22,674] {local_task_job.py:103} INFO - Task exited with return code 0
