[2020-03-12 01:06:58,977] {scheduler_job.py:153} INFO - Started process (PID=11761) to work on /Users/koyaharayama/airflow/dags/tutorial.py
[2020-03-12 01:06:58,982] {scheduler_job.py:1560} INFO - Processing file /Users/koyaharayama/airflow/dags/tutorial.py for tasks to queue
[2020-03-12 01:06:58,984] {logging_mixin.py:112} INFO - [2020-03-12 01:06:58,983] {dagbag.py:403} INFO - Filling up the DagBag from /Users/koyaharayama/airflow/dags/tutorial.py
[2020-03-12 01:06:58,993] {scheduler_job.py:1572} INFO - DAG(s) dict_keys(['tutorial']) retrieved from /Users/koyaharayama/airflow/dags/tutorial.py
[2020-03-12 01:06:59,017] {scheduler_job.py:161} INFO - Processing /Users/koyaharayama/airflow/dags/tutorial.py took 0.040 seconds
[2020-03-12 01:07:47,106] {scheduler_job.py:153} INFO - Started process (PID=11795) to work on /Users/koyaharayama/airflow/dags/tutorial.py
[2020-03-12 01:07:47,112] {scheduler_job.py:1560} INFO - Processing file /Users/koyaharayama/airflow/dags/tutorial.py for tasks to queue
[2020-03-12 01:07:47,113] {logging_mixin.py:112} INFO - [2020-03-12 01:07:47,112] {dagbag.py:403} INFO - Filling up the DagBag from /Users/koyaharayama/airflow/dags/tutorial.py
[2020-03-12 01:07:47,121] {scheduler_job.py:1572} INFO - DAG(s) dict_keys(['tutorial']) retrieved from /Users/koyaharayama/airflow/dags/tutorial.py
[2020-03-12 01:07:47,143] {scheduler_job.py:161} INFO - Processing /Users/koyaharayama/airflow/dags/tutorial.py took 0.037 seconds
[2020-03-12 01:08:35,227] {scheduler_job.py:153} INFO - Started process (PID=11823) to work on /Users/koyaharayama/airflow/dags/tutorial.py
[2020-03-12 01:08:35,233] {scheduler_job.py:1560} INFO - Processing file /Users/koyaharayama/airflow/dags/tutorial.py for tasks to queue
[2020-03-12 01:08:35,234] {logging_mixin.py:112} INFO - [2020-03-12 01:08:35,233] {dagbag.py:403} INFO - Filling up the DagBag from /Users/koyaharayama/airflow/dags/tutorial.py
[2020-03-12 01:08:35,241] {scheduler_job.py:1572} INFO - DAG(s) dict_keys(['tutorial']) retrieved from /Users/koyaharayama/airflow/dags/tutorial.py
[2020-03-12 01:08:35,266] {scheduler_job.py:161} INFO - Processing /Users/koyaharayama/airflow/dags/tutorial.py took 0.039 seconds
[2020-03-12 01:09:23,424] {scheduler_job.py:153} INFO - Started process (PID=11851) to work on /Users/koyaharayama/airflow/dags/tutorial.py
[2020-03-12 01:09:23,429] {scheduler_job.py:1560} INFO - Processing file /Users/koyaharayama/airflow/dags/tutorial.py for tasks to queue
[2020-03-12 01:09:23,430] {logging_mixin.py:112} INFO - [2020-03-12 01:09:23,430] {dagbag.py:403} INFO - Filling up the DagBag from /Users/koyaharayama/airflow/dags/tutorial.py
[2020-03-12 01:09:23,438] {scheduler_job.py:1572} INFO - DAG(s) dict_keys(['tutorial']) retrieved from /Users/koyaharayama/airflow/dags/tutorial.py
[2020-03-12 01:09:23,461] {scheduler_job.py:161} INFO - Processing /Users/koyaharayama/airflow/dags/tutorial.py took 0.037 seconds
[2020-03-12 01:10:11,569] {scheduler_job.py:153} INFO - Started process (PID=11878) to work on /Users/koyaharayama/airflow/dags/tutorial.py
[2020-03-12 01:10:11,574] {scheduler_job.py:1560} INFO - Processing file /Users/koyaharayama/airflow/dags/tutorial.py for tasks to queue
[2020-03-12 01:10:11,575] {logging_mixin.py:112} INFO - [2020-03-12 01:10:11,575] {dagbag.py:403} INFO - Filling up the DagBag from /Users/koyaharayama/airflow/dags/tutorial.py
[2020-03-12 01:10:11,583] {scheduler_job.py:1572} INFO - DAG(s) dict_keys(['tutorial']) retrieved from /Users/koyaharayama/airflow/dags/tutorial.py
[2020-03-12 01:10:11,608] {scheduler_job.py:161} INFO - Processing /Users/koyaharayama/airflow/dags/tutorial.py took 0.039 seconds
[2020-03-12 01:10:59,736] {scheduler_job.py:153} INFO - Started process (PID=11906) to work on /Users/koyaharayama/airflow/dags/tutorial.py
[2020-03-12 01:10:59,741] {scheduler_job.py:1560} INFO - Processing file /Users/koyaharayama/airflow/dags/tutorial.py for tasks to queue
[2020-03-12 01:10:59,742] {logging_mixin.py:112} INFO - [2020-03-12 01:10:59,742] {dagbag.py:403} INFO - Filling up the DagBag from /Users/koyaharayama/airflow/dags/tutorial.py
[2020-03-12 01:10:59,750] {scheduler_job.py:1572} INFO - DAG(s) dict_keys(['tutorial']) retrieved from /Users/koyaharayama/airflow/dags/tutorial.py
[2020-03-12 01:10:59,863] {scheduler_job.py:161} INFO - Processing /Users/koyaharayama/airflow/dags/tutorial.py took 0.127 seconds
[2020-03-12 01:11:47,892] {scheduler_job.py:153} INFO - Started process (PID=11936) to work on /Users/koyaharayama/airflow/dags/tutorial.py
[2020-03-12 01:11:47,897] {scheduler_job.py:1560} INFO - Processing file /Users/koyaharayama/airflow/dags/tutorial.py for tasks to queue
[2020-03-12 01:11:47,898] {logging_mixin.py:112} INFO - [2020-03-12 01:11:47,898] {dagbag.py:403} INFO - Filling up the DagBag from /Users/koyaharayama/airflow/dags/tutorial.py
[2020-03-12 01:11:47,905] {scheduler_job.py:1572} INFO - DAG(s) dict_keys(['tutorial']) retrieved from /Users/koyaharayama/airflow/dags/tutorial.py
[2020-03-12 01:11:48,026] {scheduler_job.py:161} INFO - Processing /Users/koyaharayama/airflow/dags/tutorial.py took 0.134 seconds
[2020-03-12 01:12:36,032] {scheduler_job.py:153} INFO - Started process (PID=11963) to work on /Users/koyaharayama/airflow/dags/tutorial.py
[2020-03-12 01:12:36,037] {scheduler_job.py:1560} INFO - Processing file /Users/koyaharayama/airflow/dags/tutorial.py for tasks to queue
[2020-03-12 01:12:36,038] {logging_mixin.py:112} INFO - [2020-03-12 01:12:36,038] {dagbag.py:403} INFO - Filling up the DagBag from /Users/koyaharayama/airflow/dags/tutorial.py
[2020-03-12 01:12:36,142] {scheduler_job.py:1572} INFO - DAG(s) dict_keys(['tutorial']) retrieved from /Users/koyaharayama/airflow/dags/tutorial.py
[2020-03-12 01:12:36,163] {scheduler_job.py:161} INFO - Processing /Users/koyaharayama/airflow/dags/tutorial.py took 0.131 seconds
[2020-03-12 01:13:24,243] {scheduler_job.py:153} INFO - Started process (PID=11989) to work on /Users/koyaharayama/airflow/dags/tutorial.py
[2020-03-12 01:13:24,248] {scheduler_job.py:1560} INFO - Processing file /Users/koyaharayama/airflow/dags/tutorial.py for tasks to queue
[2020-03-12 01:13:24,249] {logging_mixin.py:112} INFO - [2020-03-12 01:13:24,249] {dagbag.py:403} INFO - Filling up the DagBag from /Users/koyaharayama/airflow/dags/tutorial.py
[2020-03-12 01:13:24,256] {scheduler_job.py:1572} INFO - DAG(s) dict_keys(['tutorial']) retrieved from /Users/koyaharayama/airflow/dags/tutorial.py
[2020-03-12 01:13:24,283] {scheduler_job.py:161} INFO - Processing /Users/koyaharayama/airflow/dags/tutorial.py took 0.040 seconds
[2020-03-12 01:14:12,446] {scheduler_job.py:153} INFO - Started process (PID=12014) to work on /Users/koyaharayama/airflow/dags/tutorial.py
[2020-03-12 01:14:12,451] {scheduler_job.py:1560} INFO - Processing file /Users/koyaharayama/airflow/dags/tutorial.py for tasks to queue
[2020-03-12 01:14:12,452] {logging_mixin.py:112} INFO - [2020-03-12 01:14:12,452] {dagbag.py:403} INFO - Filling up the DagBag from /Users/koyaharayama/airflow/dags/tutorial.py
[2020-03-12 01:14:12,459] {scheduler_job.py:1572} INFO - DAG(s) dict_keys(['tutorial']) retrieved from /Users/koyaharayama/airflow/dags/tutorial.py
[2020-03-12 01:14:12,482] {scheduler_job.py:161} INFO - Processing /Users/koyaharayama/airflow/dags/tutorial.py took 0.036 seconds
[2020-03-12 01:17:07,815] {scheduler_job.py:153} INFO - Started process (PID=12084) to work on /Users/koyaharayama/airflow/dags/tutorial.py
[2020-03-12 01:17:07,829] {scheduler_job.py:1560} INFO - Processing file /Users/koyaharayama/airflow/dags/tutorial.py for tasks to queue
[2020-03-12 01:17:07,831] {logging_mixin.py:112} INFO - [2020-03-12 01:17:07,830] {dagbag.py:403} INFO - Filling up the DagBag from /Users/koyaharayama/airflow/dags/tutorial.py
[2020-03-12 01:17:07,851] {scheduler_job.py:1572} INFO - DAG(s) dict_keys(['tutorial']) retrieved from /Users/koyaharayama/airflow/dags/tutorial.py
[2020-03-12 01:17:07,915] {scheduler_job.py:161} INFO - Processing /Users/koyaharayama/airflow/dags/tutorial.py took 0.100 seconds
[2020-03-12 01:17:55,979] {scheduler_job.py:153} INFO - Started process (PID=12122) to work on /Users/koyaharayama/airflow/dags/tutorial.py
[2020-03-12 01:17:55,985] {scheduler_job.py:1560} INFO - Processing file /Users/koyaharayama/airflow/dags/tutorial.py for tasks to queue
[2020-03-12 01:17:55,986] {logging_mixin.py:112} INFO - [2020-03-12 01:17:55,986] {dagbag.py:403} INFO - Filling up the DagBag from /Users/koyaharayama/airflow/dags/tutorial.py
[2020-03-12 01:17:55,994] {scheduler_job.py:1572} INFO - DAG(s) dict_keys(['tutorial']) retrieved from /Users/koyaharayama/airflow/dags/tutorial.py
[2020-03-12 01:17:56,024] {scheduler_job.py:161} INFO - Processing /Users/koyaharayama/airflow/dags/tutorial.py took 0.044 seconds
[2020-03-12 01:18:44,132] {scheduler_job.py:153} INFO - Started process (PID=12155) to work on /Users/koyaharayama/airflow/dags/tutorial.py
[2020-03-12 01:18:44,138] {scheduler_job.py:1560} INFO - Processing file /Users/koyaharayama/airflow/dags/tutorial.py for tasks to queue
[2020-03-12 01:18:44,139] {logging_mixin.py:112} INFO - [2020-03-12 01:18:44,139] {dagbag.py:403} INFO - Filling up the DagBag from /Users/koyaharayama/airflow/dags/tutorial.py
[2020-03-12 01:18:44,147] {scheduler_job.py:1572} INFO - DAG(s) dict_keys(['tutorial']) retrieved from /Users/koyaharayama/airflow/dags/tutorial.py
[2020-03-12 01:18:44,177] {scheduler_job.py:161} INFO - Processing /Users/koyaharayama/airflow/dags/tutorial.py took 0.045 seconds
[2020-03-12 01:19:32,291] {scheduler_job.py:153} INFO - Started process (PID=12182) to work on /Users/koyaharayama/airflow/dags/tutorial.py
[2020-03-12 01:19:32,297] {scheduler_job.py:1560} INFO - Processing file /Users/koyaharayama/airflow/dags/tutorial.py for tasks to queue
[2020-03-12 01:19:32,298] {logging_mixin.py:112} INFO - [2020-03-12 01:19:32,298] {dagbag.py:403} INFO - Filling up the DagBag from /Users/koyaharayama/airflow/dags/tutorial.py
[2020-03-12 01:19:32,303] {scheduler_job.py:1572} INFO - DAG(s) dict_keys(['tutorial']) retrieved from /Users/koyaharayama/airflow/dags/tutorial.py
[2020-03-12 01:19:32,325] {scheduler_job.py:161} INFO - Processing /Users/koyaharayama/airflow/dags/tutorial.py took 0.033 seconds
[2020-03-12 01:20:20,473] {scheduler_job.py:153} INFO - Started process (PID=12212) to work on /Users/koyaharayama/airflow/dags/tutorial.py
[2020-03-12 01:20:20,479] {scheduler_job.py:1560} INFO - Processing file /Users/koyaharayama/airflow/dags/tutorial.py for tasks to queue
[2020-03-12 01:20:20,480] {logging_mixin.py:112} INFO - [2020-03-12 01:20:20,479] {dagbag.py:403} INFO - Filling up the DagBag from /Users/koyaharayama/airflow/dags/tutorial.py
[2020-03-12 01:20:20,488] {scheduler_job.py:1572} INFO - DAG(s) dict_keys(['tutorial']) retrieved from /Users/koyaharayama/airflow/dags/tutorial.py
[2020-03-12 01:20:20,513] {scheduler_job.py:161} INFO - Processing /Users/koyaharayama/airflow/dags/tutorial.py took 0.040 seconds
[2020-03-12 01:21:08,641] {scheduler_job.py:153} INFO - Started process (PID=12239) to work on /Users/koyaharayama/airflow/dags/tutorial.py
[2020-03-12 01:21:08,647] {scheduler_job.py:1560} INFO - Processing file /Users/koyaharayama/airflow/dags/tutorial.py for tasks to queue
[2020-03-12 01:21:08,648] {logging_mixin.py:112} INFO - [2020-03-12 01:21:08,648] {dagbag.py:403} INFO - Filling up the DagBag from /Users/koyaharayama/airflow/dags/tutorial.py
[2020-03-12 01:21:08,655] {scheduler_job.py:1572} INFO - DAG(s) dict_keys(['tutorial']) retrieved from /Users/koyaharayama/airflow/dags/tutorial.py
[2020-03-12 01:21:08,681] {scheduler_job.py:161} INFO - Processing /Users/koyaharayama/airflow/dags/tutorial.py took 0.040 seconds
[2020-03-12 01:21:56,804] {scheduler_job.py:153} INFO - Started process (PID=12264) to work on /Users/koyaharayama/airflow/dags/tutorial.py
[2020-03-12 01:21:56,809] {scheduler_job.py:1560} INFO - Processing file /Users/koyaharayama/airflow/dags/tutorial.py for tasks to queue
[2020-03-12 01:21:56,810] {logging_mixin.py:112} INFO - [2020-03-12 01:21:56,810] {dagbag.py:403} INFO - Filling up the DagBag from /Users/koyaharayama/airflow/dags/tutorial.py
[2020-03-12 01:21:56,819] {scheduler_job.py:1572} INFO - DAG(s) dict_keys(['tutorial']) retrieved from /Users/koyaharayama/airflow/dags/tutorial.py
[2020-03-12 01:21:56,843] {scheduler_job.py:161} INFO - Processing /Users/koyaharayama/airflow/dags/tutorial.py took 0.039 seconds
[2020-03-12 01:22:44,982] {scheduler_job.py:153} INFO - Started process (PID=12298) to work on /Users/koyaharayama/airflow/dags/tutorial.py
[2020-03-12 01:22:44,987] {scheduler_job.py:1560} INFO - Processing file /Users/koyaharayama/airflow/dags/tutorial.py for tasks to queue
[2020-03-12 01:22:44,988] {logging_mixin.py:112} INFO - [2020-03-12 01:22:44,987] {dagbag.py:403} INFO - Filling up the DagBag from /Users/koyaharayama/airflow/dags/tutorial.py
[2020-03-12 01:22:44,993] {scheduler_job.py:1572} INFO - DAG(s) dict_keys(['tutorial']) retrieved from /Users/koyaharayama/airflow/dags/tutorial.py
[2020-03-12 01:22:45,014] {scheduler_job.py:161} INFO - Processing /Users/koyaharayama/airflow/dags/tutorial.py took 0.032 seconds
[2020-03-12 01:23:33,158] {scheduler_job.py:153} INFO - Started process (PID=12327) to work on /Users/koyaharayama/airflow/dags/tutorial.py
[2020-03-12 01:23:33,167] {scheduler_job.py:1560} INFO - Processing file /Users/koyaharayama/airflow/dags/tutorial.py for tasks to queue
[2020-03-12 01:23:33,169] {logging_mixin.py:112} INFO - [2020-03-12 01:23:33,168] {dagbag.py:403} INFO - Filling up the DagBag from /Users/koyaharayama/airflow/dags/tutorial.py
[2020-03-12 01:23:33,178] {scheduler_job.py:1572} INFO - DAG(s) dict_keys(['tutorial']) retrieved from /Users/koyaharayama/airflow/dags/tutorial.py
[2020-03-12 01:23:33,205] {scheduler_job.py:161} INFO - Processing /Users/koyaharayama/airflow/dags/tutorial.py took 0.047 seconds
[2020-03-12 01:24:21,273] {scheduler_job.py:153} INFO - Started process (PID=12355) to work on /Users/koyaharayama/airflow/dags/tutorial.py
[2020-03-12 01:24:21,282] {scheduler_job.py:1560} INFO - Processing file /Users/koyaharayama/airflow/dags/tutorial.py for tasks to queue
[2020-03-12 01:24:21,283] {logging_mixin.py:112} INFO - [2020-03-12 01:24:21,283] {dagbag.py:403} INFO - Filling up the DagBag from /Users/koyaharayama/airflow/dags/tutorial.py
[2020-03-12 01:24:21,291] {scheduler_job.py:1572} INFO - DAG(s) dict_keys(['tutorial']) retrieved from /Users/koyaharayama/airflow/dags/tutorial.py
[2020-03-12 01:24:21,346] {scheduler_job.py:161} INFO - Processing /Users/koyaharayama/airflow/dags/tutorial.py took 0.073 seconds
[2020-03-12 01:25:09,391] {scheduler_job.py:153} INFO - Started process (PID=12384) to work on /Users/koyaharayama/airflow/dags/tutorial.py
[2020-03-12 01:25:09,397] {scheduler_job.py:1560} INFO - Processing file /Users/koyaharayama/airflow/dags/tutorial.py for tasks to queue
[2020-03-12 01:25:09,398] {logging_mixin.py:112} INFO - [2020-03-12 01:25:09,397] {dagbag.py:403} INFO - Filling up the DagBag from /Users/koyaharayama/airflow/dags/tutorial.py
[2020-03-12 01:25:09,408] {scheduler_job.py:1572} INFO - DAG(s) dict_keys(['tutorial']) retrieved from /Users/koyaharayama/airflow/dags/tutorial.py
[2020-03-12 01:25:09,447] {scheduler_job.py:1282} INFO - Processing tutorial
[2020-03-12 01:25:09,481] {scheduler_job.py:1292} INFO - Created <DagRun tutorial @ 2020-03-09 00:00:00+00:00: scheduled__2020-03-09T00:00:00+00:00, externally triggered: False>
[2020-03-12 01:25:09,486] {scheduler_job.py:757} INFO - Examining DAG run <DagRun tutorial @ 2020-03-09 00:00:00+00:00: scheduled__2020-03-09T00:00:00+00:00, externally triggered: False>
[2020-03-12 01:25:09,520] {scheduler_job.py:446} INFO - Skipping SLA check for <DAG: tutorial> because no tasks in DAG have SLAs
[2020-03-12 01:25:09,525] {scheduler_job.py:1634} INFO - Creating / updating <TaskInstance: tutorial.print_date 2020-03-09 00:00:00+00:00 [scheduled]> in ORM
[2020-03-12 01:25:09,536] {scheduler_job.py:161} INFO - Processing /Users/koyaharayama/airflow/dags/tutorial.py took 0.145 seconds
[2020-03-12 01:25:57,567] {scheduler_job.py:153} INFO - Started process (PID=12410) to work on /Users/koyaharayama/airflow/dags/tutorial.py
[2020-03-12 01:25:57,573] {scheduler_job.py:1560} INFO - Processing file /Users/koyaharayama/airflow/dags/tutorial.py for tasks to queue
[2020-03-12 01:25:57,574] {logging_mixin.py:112} INFO - [2020-03-12 01:25:57,574] {dagbag.py:403} INFO - Filling up the DagBag from /Users/koyaharayama/airflow/dags/tutorial.py
[2020-03-12 01:25:57,581] {scheduler_job.py:1572} INFO - DAG(s) dict_keys(['tutorial']) retrieved from /Users/koyaharayama/airflow/dags/tutorial.py
[2020-03-12 01:25:57,604] {scheduler_job.py:161} INFO - Processing /Users/koyaharayama/airflow/dags/tutorial.py took 0.037 seconds
[2020-03-12 01:26:45,760] {scheduler_job.py:153} INFO - Started process (PID=12435) to work on /Users/koyaharayama/airflow/dags/tutorial.py
[2020-03-12 01:26:45,765] {scheduler_job.py:1560} INFO - Processing file /Users/koyaharayama/airflow/dags/tutorial.py for tasks to queue
[2020-03-12 01:26:45,766] {logging_mixin.py:112} INFO - [2020-03-12 01:26:45,766] {dagbag.py:403} INFO - Filling up the DagBag from /Users/koyaharayama/airflow/dags/tutorial.py
[2020-03-12 01:26:45,773] {scheduler_job.py:1572} INFO - DAG(s) dict_keys(['tutorial']) retrieved from /Users/koyaharayama/airflow/dags/tutorial.py
[2020-03-12 01:26:45,796] {scheduler_job.py:161} INFO - Processing /Users/koyaharayama/airflow/dags/tutorial.py took 0.037 seconds
[2020-03-12 01:27:33,956] {scheduler_job.py:153} INFO - Started process (PID=12461) to work on /Users/koyaharayama/airflow/dags/tutorial.py
[2020-03-12 01:27:33,963] {scheduler_job.py:1560} INFO - Processing file /Users/koyaharayama/airflow/dags/tutorial.py for tasks to queue
[2020-03-12 01:27:33,964] {logging_mixin.py:112} INFO - [2020-03-12 01:27:33,964] {dagbag.py:403} INFO - Filling up the DagBag from /Users/koyaharayama/airflow/dags/tutorial.py
[2020-03-12 01:27:33,970] {scheduler_job.py:1572} INFO - DAG(s) dict_keys(['tutorial']) retrieved from /Users/koyaharayama/airflow/dags/tutorial.py
[2020-03-12 01:27:33,993] {scheduler_job.py:161} INFO - Processing /Users/koyaharayama/airflow/dags/tutorial.py took 0.037 seconds
[2020-03-12 01:28:22,122] {scheduler_job.py:153} INFO - Started process (PID=12486) to work on /Users/koyaharayama/airflow/dags/tutorial.py
[2020-03-12 01:28:22,127] {scheduler_job.py:1560} INFO - Processing file /Users/koyaharayama/airflow/dags/tutorial.py for tasks to queue
[2020-03-12 01:28:22,128] {logging_mixin.py:112} INFO - [2020-03-12 01:28:22,128] {dagbag.py:403} INFO - Filling up the DagBag from /Users/koyaharayama/airflow/dags/tutorial.py
[2020-03-12 01:28:22,136] {scheduler_job.py:1572} INFO - DAG(s) dict_keys(['tutorial']) retrieved from /Users/koyaharayama/airflow/dags/tutorial.py
[2020-03-12 01:28:22,158] {scheduler_job.py:161} INFO - Processing /Users/koyaharayama/airflow/dags/tutorial.py took 0.036 seconds
[2020-03-12 01:29:10,302] {scheduler_job.py:153} INFO - Started process (PID=12515) to work on /Users/koyaharayama/airflow/dags/tutorial.py
[2020-03-12 01:29:10,307] {scheduler_job.py:1560} INFO - Processing file /Users/koyaharayama/airflow/dags/tutorial.py for tasks to queue
[2020-03-12 01:29:10,309] {logging_mixin.py:112} INFO - [2020-03-12 01:29:10,308] {dagbag.py:403} INFO - Filling up the DagBag from /Users/koyaharayama/airflow/dags/tutorial.py
[2020-03-12 01:29:10,316] {scheduler_job.py:1572} INFO - DAG(s) dict_keys(['tutorial']) retrieved from /Users/koyaharayama/airflow/dags/tutorial.py
[2020-03-12 01:29:10,340] {scheduler_job.py:161} INFO - Processing /Users/koyaharayama/airflow/dags/tutorial.py took 0.039 seconds
[2020-03-12 01:29:58,449] {scheduler_job.py:153} INFO - Started process (PID=12570) to work on /Users/koyaharayama/airflow/dags/tutorial.py
[2020-03-12 01:29:58,456] {scheduler_job.py:1560} INFO - Processing file /Users/koyaharayama/airflow/dags/tutorial.py for tasks to queue
[2020-03-12 01:29:58,457] {logging_mixin.py:112} INFO - [2020-03-12 01:29:58,456] {dagbag.py:403} INFO - Filling up the DagBag from /Users/koyaharayama/airflow/dags/tutorial.py
[2020-03-12 01:29:58,463] {scheduler_job.py:1572} INFO - DAG(s) dict_keys(['tutorial']) retrieved from /Users/koyaharayama/airflow/dags/tutorial.py
[2020-03-12 01:29:58,485] {scheduler_job.py:161} INFO - Processing /Users/koyaharayama/airflow/dags/tutorial.py took 0.036 seconds
[2020-03-12 01:30:46,647] {scheduler_job.py:153} INFO - Started process (PID=12621) to work on /Users/koyaharayama/airflow/dags/tutorial.py
[2020-03-12 01:30:46,653] {scheduler_job.py:1560} INFO - Processing file /Users/koyaharayama/airflow/dags/tutorial.py for tasks to queue
[2020-03-12 01:30:46,654] {logging_mixin.py:112} INFO - [2020-03-12 01:30:46,653] {dagbag.py:403} INFO - Filling up the DagBag from /Users/koyaharayama/airflow/dags/tutorial.py
[2020-03-12 01:30:46,662] {scheduler_job.py:1572} INFO - DAG(s) dict_keys(['tutorial']) retrieved from /Users/koyaharayama/airflow/dags/tutorial.py
[2020-03-12 01:30:46,685] {scheduler_job.py:161} INFO - Processing /Users/koyaharayama/airflow/dags/tutorial.py took 0.038 seconds
[2020-03-12 01:31:34,804] {scheduler_job.py:153} INFO - Started process (PID=12671) to work on /Users/koyaharayama/airflow/dags/tutorial.py
[2020-03-12 01:31:34,809] {scheduler_job.py:1560} INFO - Processing file /Users/koyaharayama/airflow/dags/tutorial.py for tasks to queue
[2020-03-12 01:31:34,810] {logging_mixin.py:112} INFO - [2020-03-12 01:31:34,810] {dagbag.py:403} INFO - Filling up the DagBag from /Users/koyaharayama/airflow/dags/tutorial.py
[2020-03-12 01:31:34,817] {scheduler_job.py:1572} INFO - DAG(s) dict_keys(['tutorial']) retrieved from /Users/koyaharayama/airflow/dags/tutorial.py
[2020-03-12 01:31:34,842] {scheduler_job.py:161} INFO - Processing /Users/koyaharayama/airflow/dags/tutorial.py took 0.038 seconds
[2020-03-12 01:32:22,909] {scheduler_job.py:153} INFO - Started process (PID=12718) to work on /Users/koyaharayama/airflow/dags/tutorial.py
[2020-03-12 01:32:22,915] {scheduler_job.py:1560} INFO - Processing file /Users/koyaharayama/airflow/dags/tutorial.py for tasks to queue
[2020-03-12 01:32:22,916] {logging_mixin.py:112} INFO - [2020-03-12 01:32:22,916] {dagbag.py:403} INFO - Filling up the DagBag from /Users/koyaharayama/airflow/dags/tutorial.py
[2020-03-12 01:32:22,923] {scheduler_job.py:1572} INFO - DAG(s) dict_keys(['tutorial']) retrieved from /Users/koyaharayama/airflow/dags/tutorial.py
[2020-03-12 01:32:22,947] {scheduler_job.py:161} INFO - Processing /Users/koyaharayama/airflow/dags/tutorial.py took 0.038 seconds
[2020-03-12 01:33:11,022] {scheduler_job.py:153} INFO - Started process (PID=12766) to work on /Users/koyaharayama/airflow/dags/tutorial.py
[2020-03-12 01:33:11,028] {scheduler_job.py:1560} INFO - Processing file /Users/koyaharayama/airflow/dags/tutorial.py for tasks to queue
[2020-03-12 01:33:11,029] {logging_mixin.py:112} INFO - [2020-03-12 01:33:11,029] {dagbag.py:403} INFO - Filling up the DagBag from /Users/koyaharayama/airflow/dags/tutorial.py
[2020-03-12 01:33:11,039] {scheduler_job.py:1572} INFO - DAG(s) dict_keys(['tutorial']) retrieved from /Users/koyaharayama/airflow/dags/tutorial.py
[2020-03-12 01:33:11,064] {scheduler_job.py:161} INFO - Processing /Users/koyaharayama/airflow/dags/tutorial.py took 0.042 seconds
[2020-03-12 01:33:59,161] {scheduler_job.py:153} INFO - Started process (PID=12792) to work on /Users/koyaharayama/airflow/dags/tutorial.py
[2020-03-12 01:33:59,167] {scheduler_job.py:1560} INFO - Processing file /Users/koyaharayama/airflow/dags/tutorial.py for tasks to queue
[2020-03-12 01:33:59,168] {logging_mixin.py:112} INFO - [2020-03-12 01:33:59,168] {dagbag.py:403} INFO - Filling up the DagBag from /Users/koyaharayama/airflow/dags/tutorial.py
[2020-03-12 01:33:59,178] {scheduler_job.py:1572} INFO - DAG(s) dict_keys(['tutorial']) retrieved from /Users/koyaharayama/airflow/dags/tutorial.py
[2020-03-12 01:33:59,205] {scheduler_job.py:161} INFO - Processing /Users/koyaharayama/airflow/dags/tutorial.py took 0.044 seconds
[2020-03-12 01:34:47,355] {scheduler_job.py:153} INFO - Started process (PID=12818) to work on /Users/koyaharayama/airflow/dags/tutorial.py
[2020-03-12 01:34:47,360] {scheduler_job.py:1560} INFO - Processing file /Users/koyaharayama/airflow/dags/tutorial.py for tasks to queue
[2020-03-12 01:34:47,361] {logging_mixin.py:112} INFO - [2020-03-12 01:34:47,361] {dagbag.py:403} INFO - Filling up the DagBag from /Users/koyaharayama/airflow/dags/tutorial.py
[2020-03-12 01:34:47,368] {scheduler_job.py:1572} INFO - DAG(s) dict_keys(['tutorial']) retrieved from /Users/koyaharayama/airflow/dags/tutorial.py
[2020-03-12 01:34:47,391] {scheduler_job.py:161} INFO - Processing /Users/koyaharayama/airflow/dags/tutorial.py took 0.036 seconds
[2020-03-12 01:35:35,498] {scheduler_job.py:153} INFO - Started process (PID=12846) to work on /Users/koyaharayama/airflow/dags/tutorial.py
[2020-03-12 01:35:35,506] {scheduler_job.py:1560} INFO - Processing file /Users/koyaharayama/airflow/dags/tutorial.py for tasks to queue
[2020-03-12 01:35:35,506] {logging_mixin.py:112} INFO - [2020-03-12 01:35:35,506] {dagbag.py:403} INFO - Filling up the DagBag from /Users/koyaharayama/airflow/dags/tutorial.py
[2020-03-12 01:35:35,513] {scheduler_job.py:1572} INFO - DAG(s) dict_keys(['tutorial']) retrieved from /Users/koyaharayama/airflow/dags/tutorial.py
[2020-03-12 01:35:35,539] {scheduler_job.py:161} INFO - Processing /Users/koyaharayama/airflow/dags/tutorial.py took 0.042 seconds
[2020-03-12 01:36:23,589] {scheduler_job.py:153} INFO - Started process (PID=12885) to work on /Users/koyaharayama/airflow/dags/tutorial.py
[2020-03-12 01:36:23,596] {scheduler_job.py:1560} INFO - Processing file /Users/koyaharayama/airflow/dags/tutorial.py for tasks to queue
[2020-03-12 01:36:23,597] {logging_mixin.py:112} INFO - [2020-03-12 01:36:23,597] {dagbag.py:403} INFO - Filling up the DagBag from /Users/koyaharayama/airflow/dags/tutorial.py
[2020-03-12 01:36:23,608] {scheduler_job.py:1572} INFO - DAG(s) dict_keys(['tutorial']) retrieved from /Users/koyaharayama/airflow/dags/tutorial.py
[2020-03-12 01:36:23,640] {scheduler_job.py:161} INFO - Processing /Users/koyaharayama/airflow/dags/tutorial.py took 0.051 seconds
[2020-03-12 01:37:11,686] {scheduler_job.py:153} INFO - Started process (PID=12910) to work on /Users/koyaharayama/airflow/dags/tutorial.py
[2020-03-12 01:37:11,692] {scheduler_job.py:1560} INFO - Processing file /Users/koyaharayama/airflow/dags/tutorial.py for tasks to queue
[2020-03-12 01:37:11,694] {logging_mixin.py:112} INFO - [2020-03-12 01:37:11,693] {dagbag.py:403} INFO - Filling up the DagBag from /Users/koyaharayama/airflow/dags/tutorial.py
[2020-03-12 01:37:11,701] {scheduler_job.py:1572} INFO - DAG(s) dict_keys(['tutorial']) retrieved from /Users/koyaharayama/airflow/dags/tutorial.py
[2020-03-12 01:37:11,728] {scheduler_job.py:161} INFO - Processing /Users/koyaharayama/airflow/dags/tutorial.py took 0.042 seconds
[2020-03-12 01:37:59,818] {scheduler_job.py:153} INFO - Started process (PID=12948) to work on /Users/koyaharayama/airflow/dags/tutorial.py
[2020-03-12 01:37:59,828] {scheduler_job.py:1560} INFO - Processing file /Users/koyaharayama/airflow/dags/tutorial.py for tasks to queue
[2020-03-12 01:37:59,831] {logging_mixin.py:112} INFO - [2020-03-12 01:37:59,829] {dagbag.py:403} INFO - Filling up the DagBag from /Users/koyaharayama/airflow/dags/tutorial.py
[2020-03-12 01:37:59,842] {scheduler_job.py:1572} INFO - DAG(s) dict_keys(['tutorial']) retrieved from /Users/koyaharayama/airflow/dags/tutorial.py
[2020-03-12 01:37:59,894] {scheduler_job.py:161} INFO - Processing /Users/koyaharayama/airflow/dags/tutorial.py took 0.076 seconds
