[2020-03-12 01:32:54,058] {taskinstance.py:655} INFO - Dependencies all met for <TaskInstance: tutorial.templated 2015-06-06T00:00:00+00:00 [queued]>
[2020-03-12 01:32:54,071] {taskinstance.py:655} INFO - Dependencies all met for <TaskInstance: tutorial.templated 2015-06-06T00:00:00+00:00 [queued]>
[2020-03-12 01:32:54,071] {taskinstance.py:866} INFO - 
--------------------------------------------------------------------------------
[2020-03-12 01:32:54,071] {taskinstance.py:867} INFO - Starting attempt 1 of 2
[2020-03-12 01:32:54,071] {taskinstance.py:868} INFO - 
--------------------------------------------------------------------------------
[2020-03-12 01:32:54,079] {taskinstance.py:887} INFO - Executing <Task(BashOperator): templated> on 2015-06-06T00:00:00+00:00
[2020-03-12 01:32:54,083] {standard_task_runner.py:53} INFO - Started process 12751 to run task
[2020-03-12 01:32:54,139] {logging_mixin.py:112} INFO - Running %s on host %s <TaskInstance: tutorial.templated 2015-06-06T00:00:00+00:00 [running]> Koyas-Air
[2020-03-12 01:32:54,162] {bash_operator.py:82} INFO - Tmp dir root location: 
 /var/folders/w1/yz27wqj17cn6jplmgfg49p_40000gn/T
[2020-03-12 01:32:54,164] {bash_operator.py:105} INFO - Temporary script location: /var/folders/w1/yz27wqj17cn6jplmgfg49p_40000gn/T/airflowtmpfsy7zzqj/templated6voumu1x
[2020-03-12 01:32:54,164] {bash_operator.py:115} INFO - Running command: 

    echo "2015-06-06"
    echo "2015-06-13"
    echo "Parameter I passed in"

    echo "2015-06-06"
    echo "2015-06-13"
    echo "Parameter I passed in"

    echo "2015-06-06"
    echo "2015-06-13"
    echo "Parameter I passed in"

    echo "2015-06-06"
    echo "2015-06-13"
    echo "Parameter I passed in"

    echo "2015-06-06"
    echo "2015-06-13"
    echo "Parameter I passed in"

[2020-03-12 01:32:54,170] {bash_operator.py:122} INFO - Output:
[2020-03-12 01:32:54,173] {bash_operator.py:126} INFO - 2015-06-06
[2020-03-12 01:32:54,174] {bash_operator.py:126} INFO - 2015-06-13
[2020-03-12 01:32:54,174] {bash_operator.py:126} INFO - Parameter I passed in
[2020-03-12 01:32:54,174] {bash_operator.py:126} INFO - 2015-06-06
[2020-03-12 01:32:54,174] {bash_operator.py:126} INFO - 2015-06-13
[2020-03-12 01:32:54,175] {bash_operator.py:126} INFO - Parameter I passed in
[2020-03-12 01:32:54,175] {bash_operator.py:126} INFO - 2015-06-06
[2020-03-12 01:32:54,175] {bash_operator.py:126} INFO - 2015-06-13
[2020-03-12 01:32:54,175] {bash_operator.py:126} INFO - Parameter I passed in
[2020-03-12 01:32:54,175] {bash_operator.py:126} INFO - 2015-06-06
[2020-03-12 01:32:54,175] {bash_operator.py:126} INFO - 2015-06-13
[2020-03-12 01:32:54,176] {bash_operator.py:126} INFO - Parameter I passed in
[2020-03-12 01:32:54,176] {bash_operator.py:126} INFO - 2015-06-06
[2020-03-12 01:32:54,176] {bash_operator.py:126} INFO - 2015-06-13
[2020-03-12 01:32:54,176] {bash_operator.py:126} INFO - Parameter I passed in
[2020-03-12 01:32:54,176] {bash_operator.py:130} INFO - Command exited with return code 0
[2020-03-12 01:32:54,184] {taskinstance.py:1048} INFO - Marking task as SUCCESS.dag_id=tutorial, task_id=templated, execution_date=20150606T000000, start_date=20200311T163254, end_date=20200311T163254
[2020-03-12 01:33:04,039] {logging_mixin.py:112} INFO - [2020-03-12 01:33:04,038] {local_task_job.py:103} INFO - Task exited with return code 0
