[2020-03-17 00:31:00,028] {scheduler_job.py:153} INFO - Started process (PID=44456) to work on /Users/koyaharayama/airflow/dags/transfer_mysql.py
[2020-03-17 00:31:00,033] {scheduler_job.py:1560} INFO - Processing file /Users/koyaharayama/airflow/dags/transfer_mysql.py for tasks to queue
[2020-03-17 00:31:00,034] {logging_mixin.py:112} INFO - [2020-03-17 00:31:00,034] {dagbag.py:403} INFO - Filling up the DagBag from /Users/koyaharayama/airflow/dags/transfer_mysql.py
[2020-03-17 00:31:00,051] {logging_mixin.py:112} INFO - [2020-03-17 00:31:00,047] {dagbag.py:246} ERROR - Failed to import: /Users/koyaharayama/airflow/dags/transfer_mysql.py
Traceback (most recent call last):
  File "/Users/koyaharayama/opt/anaconda3/lib/python3.7/site-packages/airflow/models/dagbag.py", line 243, in process_file
    m = imp.load_source(mod_name, filepath)
  File "/Users/koyaharayama/opt/anaconda3/lib/python3.7/imp.py", line 171, in load_source
    module = _load(spec)
  File "<frozen importlib._bootstrap>", line 696, in _load
  File "<frozen importlib._bootstrap>", line 677, in _load_unlocked
  File "<frozen importlib._bootstrap_external>", line 728, in exec_module
  File "<frozen importlib._bootstrap>", line 219, in _call_with_frames_removed
  File "/Users/koyaharayama/airflow/dags/transfer_mysql.py", line 55, in <module>
    t2 = operators.generic_transfer.GenericTransfer(
NameError: name 'operators' is not defined
[2020-03-17 00:31:00,052] {scheduler_job.py:1574} WARNING - No viable dags retrieved from /Users/koyaharayama/airflow/dags/transfer_mysql.py
[2020-03-17 00:31:00,065] {scheduler_job.py:161} INFO - Processing /Users/koyaharayama/airflow/dags/transfer_mysql.py took 0.037 seconds
[2020-03-17 00:31:54,210] {scheduler_job.py:153} INFO - Started process (PID=44483) to work on /Users/koyaharayama/airflow/dags/transfer_mysql.py
[2020-03-17 00:31:54,216] {scheduler_job.py:1560} INFO - Processing file /Users/koyaharayama/airflow/dags/transfer_mysql.py for tasks to queue
[2020-03-17 00:31:54,217] {logging_mixin.py:112} INFO - [2020-03-17 00:31:54,217] {dagbag.py:403} INFO - Filling up the DagBag from /Users/koyaharayama/airflow/dags/transfer_mysql.py
[2020-03-17 00:31:54,230] {logging_mixin.py:112} INFO - [2020-03-17 00:31:54,229] {dagbag.py:246} ERROR - Failed to import: /Users/koyaharayama/airflow/dags/transfer_mysql.py
Traceback (most recent call last):
  File "/Users/koyaharayama/opt/anaconda3/lib/python3.7/site-packages/airflow/models/dagbag.py", line 243, in process_file
    m = imp.load_source(mod_name, filepath)
  File "/Users/koyaharayama/opt/anaconda3/lib/python3.7/imp.py", line 171, in load_source
    module = _load(spec)
  File "<frozen importlib._bootstrap>", line 696, in _load
  File "<frozen importlib._bootstrap>", line 677, in _load_unlocked
  File "<frozen importlib._bootstrap_external>", line 728, in exec_module
  File "<frozen importlib._bootstrap>", line 219, in _call_with_frames_removed
  File "/Users/koyaharayama/airflow/dags/transfer_mysql.py", line 55, in <module>
    t2 = operators.generic_transfer.GenericTransfer(
NameError: name 'operators' is not defined
[2020-03-17 00:31:54,231] {scheduler_job.py:1574} WARNING - No viable dags retrieved from /Users/koyaharayama/airflow/dags/transfer_mysql.py
[2020-03-17 00:31:54,245] {scheduler_job.py:161} INFO - Processing /Users/koyaharayama/airflow/dags/transfer_mysql.py took 0.034 seconds
[2020-03-17 00:32:48,342] {scheduler_job.py:153} INFO - Started process (PID=44513) to work on /Users/koyaharayama/airflow/dags/transfer_mysql.py
[2020-03-17 00:32:48,348] {scheduler_job.py:1560} INFO - Processing file /Users/koyaharayama/airflow/dags/transfer_mysql.py for tasks to queue
[2020-03-17 00:32:48,349] {logging_mixin.py:112} INFO - [2020-03-17 00:32:48,349] {dagbag.py:403} INFO - Filling up the DagBag from /Users/koyaharayama/airflow/dags/transfer_mysql.py
[2020-03-17 00:32:48,363] {logging_mixin.py:112} INFO - [2020-03-17 00:32:48,361] {dagbag.py:246} ERROR - Failed to import: /Users/koyaharayama/airflow/dags/transfer_mysql.py
Traceback (most recent call last):
  File "/Users/koyaharayama/opt/anaconda3/lib/python3.7/site-packages/airflow/models/dagbag.py", line 243, in process_file
    m = imp.load_source(mod_name, filepath)
  File "/Users/koyaharayama/opt/anaconda3/lib/python3.7/imp.py", line 171, in load_source
    module = _load(spec)
  File "<frozen importlib._bootstrap>", line 696, in _load
  File "<frozen importlib._bootstrap>", line 677, in _load_unlocked
  File "<frozen importlib._bootstrap_external>", line 728, in exec_module
  File "<frozen importlib._bootstrap>", line 219, in _call_with_frames_removed
  File "/Users/koyaharayama/airflow/dags/transfer_mysql.py", line 62, in <module>
    dag=self.dag
NameError: name 'self' is not defined
[2020-03-17 00:32:48,364] {scheduler_job.py:1574} WARNING - No viable dags retrieved from /Users/koyaharayama/airflow/dags/transfer_mysql.py
[2020-03-17 00:32:48,376] {scheduler_job.py:161} INFO - Processing /Users/koyaharayama/airflow/dags/transfer_mysql.py took 0.035 seconds
[2020-03-17 00:33:42,498] {scheduler_job.py:153} INFO - Started process (PID=44586) to work on /Users/koyaharayama/airflow/dags/transfer_mysql.py
[2020-03-17 00:33:42,503] {scheduler_job.py:1560} INFO - Processing file /Users/koyaharayama/airflow/dags/transfer_mysql.py for tasks to queue
[2020-03-17 00:33:42,505] {logging_mixin.py:112} INFO - [2020-03-17 00:33:42,504] {dagbag.py:403} INFO - Filling up the DagBag from /Users/koyaharayama/airflow/dags/transfer_mysql.py
[2020-03-17 00:33:42,518] {logging_mixin.py:112} INFO - [2020-03-17 00:33:42,517] {dagbag.py:246} ERROR - Failed to import: /Users/koyaharayama/airflow/dags/transfer_mysql.py
Traceback (most recent call last):
  File "/Users/koyaharayama/opt/anaconda3/lib/python3.7/site-packages/airflow/models/dagbag.py", line 243, in process_file
    m = imp.load_source(mod_name, filepath)
  File "/Users/koyaharayama/opt/anaconda3/lib/python3.7/imp.py", line 171, in load_source
    module = _load(spec)
  File "<frozen importlib._bootstrap>", line 696, in _load
  File "<frozen importlib._bootstrap>", line 677, in _load_unlocked
  File "<frozen importlib._bootstrap_external>", line 728, in exec_module
  File "<frozen importlib._bootstrap>", line 219, in _call_with_frames_removed
  File "/Users/koyaharayama/airflow/dags/transfer_mysql.py", line 62, in <module>
    dag=self.dag
NameError: name 'self' is not defined
[2020-03-17 00:33:42,519] {scheduler_job.py:1574} WARNING - No viable dags retrieved from /Users/koyaharayama/airflow/dags/transfer_mysql.py
[2020-03-17 00:33:42,534] {scheduler_job.py:161} INFO - Processing /Users/koyaharayama/airflow/dags/transfer_mysql.py took 0.036 seconds
[2020-03-17 00:34:36,675] {scheduler_job.py:153} INFO - Started process (PID=44615) to work on /Users/koyaharayama/airflow/dags/transfer_mysql.py
[2020-03-17 00:34:36,681] {scheduler_job.py:1560} INFO - Processing file /Users/koyaharayama/airflow/dags/transfer_mysql.py for tasks to queue
[2020-03-17 00:34:36,683] {logging_mixin.py:112} INFO - [2020-03-17 00:34:36,682] {dagbag.py:403} INFO - Filling up the DagBag from /Users/koyaharayama/airflow/dags/transfer_mysql.py
[2020-03-17 00:34:36,697] {logging_mixin.py:112} INFO - [2020-03-17 00:34:36,696] {dagbag.py:246} ERROR - Failed to import: /Users/koyaharayama/airflow/dags/transfer_mysql.py
Traceback (most recent call last):
  File "/Users/koyaharayama/opt/anaconda3/lib/python3.7/site-packages/airflow/models/dagbag.py", line 243, in process_file
    m = imp.load_source(mod_name, filepath)
  File "/Users/koyaharayama/opt/anaconda3/lib/python3.7/imp.py", line 171, in load_source
    module = _load(spec)
  File "<frozen importlib._bootstrap>", line 696, in _load
  File "<frozen importlib._bootstrap>", line 677, in _load_unlocked
  File "<frozen importlib._bootstrap_external>", line 728, in exec_module
  File "<frozen importlib._bootstrap>", line 219, in _call_with_frames_removed
  File "/Users/koyaharayama/airflow/dags/transfer_mysql.py", line 62, in <module>
    dag=self.dag
NameError: name 'self' is not defined
[2020-03-17 00:34:36,698] {scheduler_job.py:1574} WARNING - No viable dags retrieved from /Users/koyaharayama/airflow/dags/transfer_mysql.py
[2020-03-17 00:34:36,713] {scheduler_job.py:161} INFO - Processing /Users/koyaharayama/airflow/dags/transfer_mysql.py took 0.038 seconds
[2020-03-17 00:39:40,125] {scheduler_job.py:153} INFO - Started process (PID=44801) to work on /Users/koyaharayama/airflow/dags/transfer_mysql.py
[2020-03-17 00:39:40,131] {scheduler_job.py:1560} INFO - Processing file /Users/koyaharayama/airflow/dags/transfer_mysql.py for tasks to queue
[2020-03-17 00:39:40,132] {logging_mixin.py:112} INFO - [2020-03-17 00:39:40,132] {dagbag.py:403} INFO - Filling up the DagBag from /Users/koyaharayama/airflow/dags/transfer_mysql.py
[2020-03-17 00:39:40,143] {scheduler_job.py:1572} INFO - DAG(s) dict_keys(['basic_mysql']) retrieved from /Users/koyaharayama/airflow/dags/transfer_mysql.py
[2020-03-17 00:39:40,171] {scheduler_job.py:161} INFO - Processing /Users/koyaharayama/airflow/dags/transfer_mysql.py took 0.046 seconds
[2020-03-17 00:40:34,235] {scheduler_job.py:153} INFO - Started process (PID=44831) to work on /Users/koyaharayama/airflow/dags/transfer_mysql.py
[2020-03-17 00:40:34,241] {scheduler_job.py:1560} INFO - Processing file /Users/koyaharayama/airflow/dags/transfer_mysql.py for tasks to queue
[2020-03-17 00:40:34,242] {logging_mixin.py:112} INFO - [2020-03-17 00:40:34,242] {dagbag.py:403} INFO - Filling up the DagBag from /Users/koyaharayama/airflow/dags/transfer_mysql.py
[2020-03-17 00:40:34,255] {scheduler_job.py:1572} INFO - DAG(s) dict_keys(['basic_mysql']) retrieved from /Users/koyaharayama/airflow/dags/transfer_mysql.py
[2020-03-17 00:40:34,279] {scheduler_job.py:161} INFO - Processing /Users/koyaharayama/airflow/dags/transfer_mysql.py took 0.044 seconds
[2020-03-17 00:41:28,398] {scheduler_job.py:153} INFO - Started process (PID=44868) to work on /Users/koyaharayama/airflow/dags/transfer_mysql.py
[2020-03-17 00:41:28,403] {scheduler_job.py:1560} INFO - Processing file /Users/koyaharayama/airflow/dags/transfer_mysql.py for tasks to queue
[2020-03-17 00:41:28,405] {logging_mixin.py:112} INFO - [2020-03-17 00:41:28,404] {dagbag.py:403} INFO - Filling up the DagBag from /Users/koyaharayama/airflow/dags/transfer_mysql.py
[2020-03-17 00:41:28,418] {scheduler_job.py:1572} INFO - DAG(s) dict_keys(['transfer_mysql']) retrieved from /Users/koyaharayama/airflow/dags/transfer_mysql.py
[2020-03-17 00:41:28,431] {logging_mixin.py:112} INFO - [2020-03-17 00:41:28,431] {dag.py:1485} INFO - Creating ORM DAG for transfer_mysql
[2020-03-17 00:41:28,445] {scheduler_job.py:161} INFO - Processing /Users/koyaharayama/airflow/dags/transfer_mysql.py took 0.048 seconds
[2020-03-17 00:41:41,724] {scheduler_job.py:153} INFO - Started process (PID=44885) to work on /Users/koyaharayama/airflow/dags/transfer_mysql.py
[2020-03-17 00:41:41,730] {scheduler_job.py:1560} INFO - Processing file /Users/koyaharayama/airflow/dags/transfer_mysql.py for tasks to queue
[2020-03-17 00:41:41,732] {logging_mixin.py:112} INFO - [2020-03-17 00:41:41,731] {dagbag.py:403} INFO - Filling up the DagBag from /Users/koyaharayama/airflow/dags/transfer_mysql.py
[2020-03-17 00:41:41,745] {scheduler_job.py:1572} INFO - DAG(s) dict_keys(['transfer_mysql']) retrieved from /Users/koyaharayama/airflow/dags/transfer_mysql.py
[2020-03-17 00:41:41,775] {scheduler_job.py:161} INFO - Processing /Users/koyaharayama/airflow/dags/transfer_mysql.py took 0.050 seconds
[2020-03-17 00:42:35,896] {scheduler_job.py:153} INFO - Started process (PID=44919) to work on /Users/koyaharayama/airflow/dags/transfer_mysql.py
[2020-03-17 00:42:35,902] {scheduler_job.py:1560} INFO - Processing file /Users/koyaharayama/airflow/dags/transfer_mysql.py for tasks to queue
[2020-03-17 00:42:35,903] {logging_mixin.py:112} INFO - [2020-03-17 00:42:35,902] {dagbag.py:403} INFO - Filling up the DagBag from /Users/koyaharayama/airflow/dags/transfer_mysql.py
[2020-03-17 00:42:35,915] {scheduler_job.py:1572} INFO - DAG(s) dict_keys(['transfer_mysql']) retrieved from /Users/koyaharayama/airflow/dags/transfer_mysql.py
[2020-03-17 00:42:35,943] {scheduler_job.py:161} INFO - Processing /Users/koyaharayama/airflow/dags/transfer_mysql.py took 0.047 seconds
[2020-03-17 00:43:30,075] {scheduler_job.py:153} INFO - Started process (PID=44951) to work on /Users/koyaharayama/airflow/dags/transfer_mysql.py
[2020-03-17 00:43:30,081] {scheduler_job.py:1560} INFO - Processing file /Users/koyaharayama/airflow/dags/transfer_mysql.py for tasks to queue
[2020-03-17 00:43:30,082] {logging_mixin.py:112} INFO - [2020-03-17 00:43:30,082] {dagbag.py:403} INFO - Filling up the DagBag from /Users/koyaharayama/airflow/dags/transfer_mysql.py
[2020-03-17 00:43:30,094] {scheduler_job.py:1572} INFO - DAG(s) dict_keys(['transfer_mysql']) retrieved from /Users/koyaharayama/airflow/dags/transfer_mysql.py
[2020-03-17 00:43:30,118] {scheduler_job.py:161} INFO - Processing /Users/koyaharayama/airflow/dags/transfer_mysql.py took 0.042 seconds
[2020-03-17 00:46:09,598] {scheduler_job.py:153} INFO - Started process (PID=45056) to work on /Users/koyaharayama/airflow/dags/transfer_mysql.py
[2020-03-17 00:46:09,605] {scheduler_job.py:1560} INFO - Processing file /Users/koyaharayama/airflow/dags/transfer_mysql.py for tasks to queue
[2020-03-17 00:46:09,606] {logging_mixin.py:112} INFO - [2020-03-17 00:46:09,605] {dagbag.py:403} INFO - Filling up the DagBag from /Users/koyaharayama/airflow/dags/transfer_mysql.py
[2020-03-17 00:46:09,618] {scheduler_job.py:1572} INFO - DAG(s) dict_keys(['transfer_mysql']) retrieved from /Users/koyaharayama/airflow/dags/transfer_mysql.py
[2020-03-17 00:46:09,647] {scheduler_job.py:161} INFO - Processing /Users/koyaharayama/airflow/dags/transfer_mysql.py took 0.048 seconds
[2020-03-17 00:47:03,747] {scheduler_job.py:153} INFO - Started process (PID=45083) to work on /Users/koyaharayama/airflow/dags/transfer_mysql.py
[2020-03-17 00:47:03,753] {scheduler_job.py:1560} INFO - Processing file /Users/koyaharayama/airflow/dags/transfer_mysql.py for tasks to queue
[2020-03-17 00:47:03,754] {logging_mixin.py:112} INFO - [2020-03-17 00:47:03,754] {dagbag.py:403} INFO - Filling up the DagBag from /Users/koyaharayama/airflow/dags/transfer_mysql.py
[2020-03-17 00:47:03,766] {scheduler_job.py:1572} INFO - DAG(s) dict_keys(['transfer_mysql']) retrieved from /Users/koyaharayama/airflow/dags/transfer_mysql.py
[2020-03-17 00:47:03,791] {scheduler_job.py:161} INFO - Processing /Users/koyaharayama/airflow/dags/transfer_mysql.py took 0.043 seconds
[2020-03-17 00:47:57,919] {scheduler_job.py:153} INFO - Started process (PID=45110) to work on /Users/koyaharayama/airflow/dags/transfer_mysql.py
[2020-03-17 00:47:57,924] {scheduler_job.py:1560} INFO - Processing file /Users/koyaharayama/airflow/dags/transfer_mysql.py for tasks to queue
[2020-03-17 00:47:57,925] {logging_mixin.py:112} INFO - [2020-03-17 00:47:57,925] {dagbag.py:403} INFO - Filling up the DagBag from /Users/koyaharayama/airflow/dags/transfer_mysql.py
[2020-03-17 00:47:57,937] {scheduler_job.py:1572} INFO - DAG(s) dict_keys(['transfer_mysql']) retrieved from /Users/koyaharayama/airflow/dags/transfer_mysql.py
[2020-03-17 00:47:57,962] {scheduler_job.py:161} INFO - Processing /Users/koyaharayama/airflow/dags/transfer_mysql.py took 0.043 seconds
[2020-03-17 00:48:52,107] {scheduler_job.py:153} INFO - Started process (PID=45137) to work on /Users/koyaharayama/airflow/dags/transfer_mysql.py
[2020-03-17 00:48:52,114] {scheduler_job.py:1560} INFO - Processing file /Users/koyaharayama/airflow/dags/transfer_mysql.py for tasks to queue
[2020-03-17 00:48:52,115] {logging_mixin.py:112} INFO - [2020-03-17 00:48:52,115] {dagbag.py:403} INFO - Filling up the DagBag from /Users/koyaharayama/airflow/dags/transfer_mysql.py
[2020-03-17 00:48:52,131] {scheduler_job.py:1572} INFO - DAG(s) dict_keys(['transfer_mysql']) retrieved from /Users/koyaharayama/airflow/dags/transfer_mysql.py
[2020-03-17 00:48:52,160] {scheduler_job.py:161} INFO - Processing /Users/koyaharayama/airflow/dags/transfer_mysql.py took 0.053 seconds
[2020-03-17 00:49:46,311] {scheduler_job.py:153} INFO - Started process (PID=45164) to work on /Users/koyaharayama/airflow/dags/transfer_mysql.py
[2020-03-17 00:49:46,319] {scheduler_job.py:1560} INFO - Processing file /Users/koyaharayama/airflow/dags/transfer_mysql.py for tasks to queue
[2020-03-17 00:49:46,320] {logging_mixin.py:112} INFO - [2020-03-17 00:49:46,320] {dagbag.py:403} INFO - Filling up the DagBag from /Users/koyaharayama/airflow/dags/transfer_mysql.py
[2020-03-17 00:49:46,332] {scheduler_job.py:1572} INFO - DAG(s) dict_keys(['transfer_mysql']) retrieved from /Users/koyaharayama/airflow/dags/transfer_mysql.py
[2020-03-17 00:49:46,363] {scheduler_job.py:161} INFO - Processing /Users/koyaharayama/airflow/dags/transfer_mysql.py took 0.052 seconds
[2020-03-17 00:50:40,474] {scheduler_job.py:153} INFO - Started process (PID=45191) to work on /Users/koyaharayama/airflow/dags/transfer_mysql.py
[2020-03-17 00:50:40,480] {scheduler_job.py:1560} INFO - Processing file /Users/koyaharayama/airflow/dags/transfer_mysql.py for tasks to queue
[2020-03-17 00:50:40,481] {logging_mixin.py:112} INFO - [2020-03-17 00:50:40,481] {dagbag.py:403} INFO - Filling up the DagBag from /Users/koyaharayama/airflow/dags/transfer_mysql.py
[2020-03-17 00:50:40,494] {scheduler_job.py:1572} INFO - DAG(s) dict_keys(['transfer_mysql']) retrieved from /Users/koyaharayama/airflow/dags/transfer_mysql.py
[2020-03-17 00:50:40,520] {scheduler_job.py:161} INFO - Processing /Users/koyaharayama/airflow/dags/transfer_mysql.py took 0.047 seconds
[2020-03-17 00:51:34,648] {scheduler_job.py:153} INFO - Started process (PID=45220) to work on /Users/koyaharayama/airflow/dags/transfer_mysql.py
[2020-03-17 00:51:34,655] {scheduler_job.py:1560} INFO - Processing file /Users/koyaharayama/airflow/dags/transfer_mysql.py for tasks to queue
[2020-03-17 00:51:34,656] {logging_mixin.py:112} INFO - [2020-03-17 00:51:34,655] {dagbag.py:403} INFO - Filling up the DagBag from /Users/koyaharayama/airflow/dags/transfer_mysql.py
[2020-03-17 00:51:34,670] {scheduler_job.py:1572} INFO - DAG(s) dict_keys(['transfer_mysql']) retrieved from /Users/koyaharayama/airflow/dags/transfer_mysql.py
[2020-03-17 00:51:34,697] {scheduler_job.py:161} INFO - Processing /Users/koyaharayama/airflow/dags/transfer_mysql.py took 0.049 seconds
[2020-03-17 00:52:28,819] {scheduler_job.py:153} INFO - Started process (PID=45251) to work on /Users/koyaharayama/airflow/dags/transfer_mysql.py
[2020-03-17 00:52:28,825] {scheduler_job.py:1560} INFO - Processing file /Users/koyaharayama/airflow/dags/transfer_mysql.py for tasks to queue
[2020-03-17 00:52:28,826] {logging_mixin.py:112} INFO - [2020-03-17 00:52:28,825] {dagbag.py:403} INFO - Filling up the DagBag from /Users/koyaharayama/airflow/dags/transfer_mysql.py
[2020-03-17 00:52:28,840] {scheduler_job.py:1572} INFO - DAG(s) dict_keys(['transfer_mysql']) retrieved from /Users/koyaharayama/airflow/dags/transfer_mysql.py
[2020-03-17 00:52:28,868] {scheduler_job.py:161} INFO - Processing /Users/koyaharayama/airflow/dags/transfer_mysql.py took 0.049 seconds
[2020-03-17 00:53:22,975] {scheduler_job.py:153} INFO - Started process (PID=45293) to work on /Users/koyaharayama/airflow/dags/transfer_mysql.py
[2020-03-17 00:53:22,981] {scheduler_job.py:1560} INFO - Processing file /Users/koyaharayama/airflow/dags/transfer_mysql.py for tasks to queue
[2020-03-17 00:53:22,982] {logging_mixin.py:112} INFO - [2020-03-17 00:53:22,982] {dagbag.py:403} INFO - Filling up the DagBag from /Users/koyaharayama/airflow/dags/transfer_mysql.py
[2020-03-17 00:53:22,995] {scheduler_job.py:1572} INFO - DAG(s) dict_keys(['transfer_mysql']) retrieved from /Users/koyaharayama/airflow/dags/transfer_mysql.py
[2020-03-17 00:53:23,020] {scheduler_job.py:161} INFO - Processing /Users/koyaharayama/airflow/dags/transfer_mysql.py took 0.045 seconds
