[2020-03-12 01:32:30,628] {taskinstance.py:655} INFO - Dependencies all met for <TaskInstance: tutorial.templated 2015-06-04T00:00:00+00:00 [queued]>
[2020-03-12 01:32:30,640] {taskinstance.py:655} INFO - Dependencies all met for <TaskInstance: tutorial.templated 2015-06-04T00:00:00+00:00 [queued]>
[2020-03-12 01:32:30,641] {taskinstance.py:866} INFO - 
--------------------------------------------------------------------------------
[2020-03-12 01:32:30,641] {taskinstance.py:867} INFO - Starting attempt 1 of 2
[2020-03-12 01:32:30,641] {taskinstance.py:868} INFO - 
--------------------------------------------------------------------------------
[2020-03-12 01:32:30,648] {taskinstance.py:887} INFO - Executing <Task(BashOperator): templated> on 2015-06-04T00:00:00+00:00
[2020-03-12 01:32:30,651] {standard_task_runner.py:53} INFO - Started process 12725 to run task
[2020-03-12 01:32:30,719] {logging_mixin.py:112} INFO - Running %s on host %s <TaskInstance: tutorial.templated 2015-06-04T00:00:00+00:00 [running]> Koyas-Air
[2020-03-12 01:32:30,748] {bash_operator.py:82} INFO - Tmp dir root location: 
 /var/folders/w1/yz27wqj17cn6jplmgfg49p_40000gn/T
[2020-03-12 01:32:30,750] {bash_operator.py:105} INFO - Temporary script location: /var/folders/w1/yz27wqj17cn6jplmgfg49p_40000gn/T/airflowtmp256k67kf/templated33tv4ce5
[2020-03-12 01:32:30,750] {bash_operator.py:115} INFO - Running command: 

    echo "2015-06-04"
    echo "2015-06-11"
    echo "Parameter I passed in"

    echo "2015-06-04"
    echo "2015-06-11"
    echo "Parameter I passed in"

    echo "2015-06-04"
    echo "2015-06-11"
    echo "Parameter I passed in"

    echo "2015-06-04"
    echo "2015-06-11"
    echo "Parameter I passed in"

    echo "2015-06-04"
    echo "2015-06-11"
    echo "Parameter I passed in"

[2020-03-12 01:32:30,757] {bash_operator.py:122} INFO - Output:
[2020-03-12 01:32:30,760] {bash_operator.py:126} INFO - 2015-06-04
[2020-03-12 01:32:30,761] {bash_operator.py:126} INFO - 2015-06-11
[2020-03-12 01:32:30,761] {bash_operator.py:126} INFO - Parameter I passed in
[2020-03-12 01:32:30,761] {bash_operator.py:126} INFO - 2015-06-04
[2020-03-12 01:32:30,761] {bash_operator.py:126} INFO - 2015-06-11
[2020-03-12 01:32:30,761] {bash_operator.py:126} INFO - Parameter I passed in
[2020-03-12 01:32:30,762] {bash_operator.py:126} INFO - 2015-06-04
[2020-03-12 01:32:30,762] {bash_operator.py:126} INFO - 2015-06-11
[2020-03-12 01:32:30,762] {bash_operator.py:126} INFO - Parameter I passed in
[2020-03-12 01:32:30,763] {bash_operator.py:126} INFO - 2015-06-04
[2020-03-12 01:32:30,763] {bash_operator.py:126} INFO - 2015-06-11
[2020-03-12 01:32:30,764] {bash_operator.py:126} INFO - Parameter I passed in
[2020-03-12 01:32:30,764] {bash_operator.py:126} INFO - 2015-06-04
[2020-03-12 01:32:30,765] {bash_operator.py:126} INFO - 2015-06-11
[2020-03-12 01:32:30,765] {bash_operator.py:126} INFO - Parameter I passed in
[2020-03-12 01:32:30,765] {bash_operator.py:130} INFO - Command exited with return code 0
[2020-03-12 01:32:30,774] {taskinstance.py:1048} INFO - Marking task as SUCCESS.dag_id=tutorial, task_id=templated, execution_date=20150604T000000, start_date=20200311T163230, end_date=20200311T163230
[2020-03-12 01:32:40,613] {logging_mixin.py:112} INFO - [2020-03-12 01:32:40,613] {local_task_job.py:103} INFO - Task exited with return code 0
